#
# A fatal error has been detected by the Java Runtime Environment:
#
#  EXCEPTION_ACCESS_VIOLATION (0xc0000005) at pc=0x000000006dcd1140, pid=5520, tid=2808
#
# JRE version: 6.0_45-b06
# Java VM: Java HotSpot(TM) 64-Bit Server VM (20.45-b01 mixed mode windows-amd64 compressed oops)
# Problematic frame:
# V  [jvm.dll+0x4a1140]
#
# If you would like to submit a bug report, please visit:
#   http://java.sun.com/webapps/bugreport/crash.jsp
#

---------------  T H R E A D  ---------------

Current thread (0x0000000002166800):  JavaThread "C2 CompilerThread0" daemon [_thread_in_native, id=2808, stack(0x00000000071c0000,0x00000000072c0000)]

siginfo: ExceptionCode=0xc0000005, reading address 0x0000000000000008

Registers:
RAX=0x0000000000000000, RBX=0x000000000c436238, RCX=0x00000000072bd9e0, RDX=0x0000000000000632
RSP=0x00000000072bc150, RBP=0x000000000c4361d8, RSI=0x000000000c7b0548, RDI=0x0000000000000000
R8 =0x0000000000000000, R9 =0x0000000008cf47d0, R10=0x00000000072bd9e0, R11=0x0000000000000000
R12=0x00000000072bd9e0, R13=0x000000000c435eb8, R14=0x00000000072bc230, R15=0x00000000072bc250
RIP=0x000000006dcd1140, EFLAGS=0x0000000000010206

Top of Stack: (sp=0x00000000072bc150)
0x00000000072bc150:   00000000072bf118 0000000000000001
0x00000000072bc160:   0000000006e72230 00000000072bc290
0x00000000072bc170:   00000000072bd9e0 000000000c435eb8
0x00000000072bc180:   0000000000000001 000000006dcd1cec
0x00000000072bc190:   000000000c436238 0000000000000004
0x00000000072bc1a0:   0000000000000003 00000000072bc290
0x00000000072bc1b0:   000000000c41a290 0000000000000004
0x00000000072bc1c0:   0000000000000020 0000000000000001
0x00000000072bc1d0:   0000000000000000 0000000002165ab0
0x00000000072bc1e0:   0000000000000101 00000000072bd9e0
0x00000000072bc1f0:   0000000006e72230 0000000000000004
0x00000000072bc200:   0000000000000001 000000006dcd459f
0x00000000072bc210:   00000000072bd9e0 00000000000006d6
0x00000000072bc220:   0000000000000001 00000000072bd9e0
0x00000000072bc230:   0000000002165ab0 0000000000000080
0x00000000072bc240:   0000000008eb5d70 0000000000000004 

Instructions: (pc=0x000000006dcd1140)
0x000000006dcd1120:   3b f0 48 8b e8 0f 84 84 01 00 00 66 90 66 66 90
0x000000006dcd1130:   45 8b 43 28 4d 8b 8c 24 e0 09 00 00 4f 8b 1c c1
0x000000006dcd1140:   49 8b 43 08 48 39 38 75 2d 41 8b 54 24 28 66 90
0x000000006dcd1150:   41 8b 43 28 3b c2 73 0e 48 8b c8 49 8b 44 24 30 


Register to memory mapping:

RAX=0x0000000000000000 is an unknown value
RBX=0x000000000c436238 is an unknown value
RCX=0x00000000072bd9e0 is pointing into the stack for thread: 0x0000000002166800
RDX=0x0000000000000632 is an unknown value
RSP=0x00000000072bc150 is pointing into the stack for thread: 0x0000000002166800
RBP=0x000000000c4361d8 is an unknown value
RSI=0x000000000c7b0548 is an unknown value
RDI=0x0000000000000000 is an unknown value
R8 =0x0000000000000000 is an unknown value
R9 =0x0000000008cf47d0 is an unknown value
R10=0x00000000072bd9e0 is pointing into the stack for thread: 0x0000000002166800
R11=0x0000000000000000 is an unknown value
R12=0x00000000072bd9e0 is pointing into the stack for thread: 0x0000000002166800
R13=0x000000000c435eb8 is an unknown value
R14=0x00000000072bc230 is pointing into the stack for thread: 0x0000000002166800
R15=0x00000000072bc250 is pointing into the stack for thread: 0x0000000002166800


Stack: [0x00000000071c0000,0x00000000072c0000],  sp=0x00000000072bc150,  free space=1008k
Native frames: (J=compiled Java code, j=interpreted, Vv=VM code, C=native code)
V  [jvm.dll+0x4a1140]


Current CompileTask:
C2: 105929   2% !   com.codepenguins.rolling.Game.main([Ljava/lang/String;)V @ 105 (171 bytes)


---------------  P R O C E S S  ---------------

Java Threads: ( => current thread )
  0x0000000006f28000 JavaThread "AWT-Windows" daemon [_thread_in_native, id=4100, stack(0x000000000c110000,0x000000000c210000)]
  0x0000000008f8c800 JavaThread "Java2D Disposer" daemon [_thread_blocked, id=1996, stack(0x000000000bf10000,0x000000000c010000)]
  0x0000000002176800 JavaThread "Low Memory Detector" daemon [_thread_blocked, id=6044, stack(0x00000000073c0000,0x00000000074c0000)]
  0x0000000002175000 JavaThread "C2 CompilerThread1" daemon [_thread_blocked, id=7036, stack(0x00000000072c0000,0x00000000073c0000)]
=>0x0000000002166800 JavaThread "C2 CompilerThread0" daemon [_thread_in_native, id=2808, stack(0x00000000071c0000,0x00000000072c0000)]
  0x0000000002165000 JavaThread "Attach Listener" daemon [_thread_blocked, id=2044, stack(0x00000000070c0000,0x00000000071c0000)]
  0x0000000002160000 JavaThread "Signal Dispatcher" daemon [_thread_blocked, id=6968, stack(0x0000000006fc0000,0x00000000070c0000)]
  0x000000000214c000 JavaThread "Finalizer" daemon [_thread_blocked, id=1660, stack(0x0000000006cc0000,0x0000000006dc0000)]
  0x0000000002145800 JavaThread "Reference Handler" daemon [_thread_blocked, id=6668, stack(0x0000000006bc0000,0x0000000006cc0000)]
  0x000000000057c000 JavaThread "main" [_thread_blocked, id=3668, stack(0x0000000001f80000,0x0000000002080000)]

Other Threads:
  0x000000000213f800 VMThread [stack: 0x0000000006ac0000,0x0000000006bc0000] [id=2240]
  0x000000000217c800 WatcherThread [stack: 0x00000000074c0000,0x00000000075c0000] [id=1964]

VM state:not at safepoint (normal execution)

VM Mutex/Monitor currently owned by a thread: None

Heap
 PSYoungGen      total 37888K, used 24628K [0x00000007d5b60000, 0x00000007d85a0000, 0x0000000800000000)
  eden space 32512K, 59% used [0x00000007d5b60000,0x00000007d6e39068,0x00000007d7b20000)
  from space 5376K, 99% used [0x00000007d7b20000,0x00000007d8054050,0x00000007d8060000)
  to   space 5376K, 0% used [0x00000007d8060000,0x00000007d8060000,0x00000007d85a0000)
 PSOldGen        total 86592K, used 3072K [0x0000000781200000, 0x0000000786690000, 0x00000007d5b60000)
  object space 86592K, 3% used [0x0000000781200000,0x0000000781500030,0x0000000786690000)
 PSPermGen       total 21248K, used 8945K [0x000000077c000000, 0x000000077d4c0000, 0x0000000781200000)
  object space 21248K, 42% used [0x000000077c000000,0x000000077c8bc520,0x000000077d4c0000)

Code Cache  [0x0000000002180000, 0x00000000023f0000, 0x0000000005180000)
 total_blobs=522 nmethods=109 adapters=367 free_code_cache=49607104 largest_free_block=6208

Dynamic libraries:
0x0000000000400000 - 0x000000000042f000 	C:\Program Files\Java\jre6\bin\javaw.exe
0x000007ff24410000 - 0x000007ff245d0000 	C:\Windows\SYSTEM32\ntdll.dll
0x000007ff21bd0000 - 0x000007ff21d06000 	C:\Windows\system32\KERNEL32.DLL
0x000007ff21570000 - 0x000007ff21663000 	C:\Windows\system32\KERNELBASE.dll
0x000007ff23dd0000 - 0x000007ff23eae000 	C:\Windows\system32\ADVAPI32.dll
0x000007ff22100000 - 0x000007ff2224c000 	C:\Windows\system32\USER32.dll
0x000007ff23fe0000 - 0x000007ff24085000 	C:\Windows\system32\msvcrt.dll
0x000007ff24240000 - 0x000007ff24288000 	C:\Windows\SYSTEM32\sechost.dll
0x000007ff22990000 - 0x000007ff22ad5000 	C:\Windows\system32\RPCRT4.dll
0x000007ff21f40000 - 0x000007ff22081000 	C:\Windows\system32\GDI32.dll
0x000007ff22950000 - 0x000007ff22989000 	C:\Windows\system32\IMM32.DLL
0x000007ff23eb0000 - 0x000007ff23fc5000 	C:\Windows\system32\MSCTF.dll
0x000000006d830000 - 0x000000006dfec000 	C:\Program Files\Java\jre6\bin\server\jvm.dll
0x000007ff1eb90000 - 0x000007ff1ebb0000 	C:\Windows\SYSTEM32\WINMM.dll
0x000007ff1e300000 - 0x000007ff1e333000 	C:\Windows\SYSTEM32\WINMMBASE.dll
0x000007ff21720000 - 0x000007ff2176f000 	C:\Windows\SYSTEM32\cfgmgr32.dll
0x000007ff21770000 - 0x000007ff21792000 	C:\Windows\system32\DEVOBJ.dll
0x000000006d7a0000 - 0x000000006d7ae000 	C:\Program Files\Java\jre6\bin\verify.dll
0x000000006d3c0000 - 0x000000006d3e7000 	C:\Program Files\Java\jre6\bin\java.dll
0x000000006d7f0000 - 0x000000006d802000 	C:\Program Files\Java\jre6\bin\zip.dll
0x0000000180000000 - 0x0000000180051000 	C:\git\rolling\lwjgl-2.9.1\native\windows\lwjgl64.dll
0x000007ff117e0000 - 0x000007ff118ff000 	C:\Windows\SYSTEM32\OPENGL32.dll
0x000007ff1ebb0000 - 0x000007ff1ebb9000 	C:\Windows\SYSTEM32\VERSION.dll
0x000007ff1ef50000 - 0x000007ff1f1ba000 	C:\Windows\WinSxS\amd64_microsoft.windows.common-controls_6595b64144ccf1df_6.0.9200.16579_none_418ab7ef718b27ef\COMCTL32.dll
0x000007ff117b0000 - 0x000007ff117dc000 	C:\Windows\SYSTEM32\GLU32.dll
0x000007ff17630000 - 0x000007ff1771a000 	C:\Windows\SYSTEM32\DDRAW.dll
0x000007ff1ea80000 - 0x000007ff1ea88000 	C:\Windows\SYSTEM32\DCIMAN32.dll
0x000007ff20010000 - 0x000007ff200f6000 	C:\Windows\system32\uxtheme.dll
0x000007ff1fa50000 - 0x000007ff1fa71000 	C:\Windows\SYSTEM32\dwmapi.dll
0x0000000076120000 - 0x0000000077b07000 	C:\Windows\SYSTEM32\nvoglv64.dll
0x000007ff22af0000 - 0x000007ff23dd0000 	C:\Windows\system32\SHELL32.dll
0x000007ff22250000 - 0x000007ff22420000 	C:\Windows\system32\SETUPAPI.dll
0x000007ff24090000 - 0x000007ff24240000 	C:\Windows\SYSTEM32\combase.dll
0x000007ff22670000 - 0x000007ff226c0000 	C:\Windows\system32\SHLWAPI.dll
0x000007ff217a0000 - 0x000007ff217f5000 	C:\Windows\system32\WINTRUST.dll
0x000007ff21390000 - 0x000007ff21561000 	C:\Windows\system32\CRYPT32.dll
0x000007ff21370000 - 0x000007ff21386000 	C:\Windows\system32\MSASN1.dll
0x000007ff1b020000 - 0x000007ff1b04e000 	C:\Windows\SYSTEM32\ntmarta.dll
0x000007ff21260000 - 0x000007ff212a3000 	C:\Windows\SYSTEM32\powrprof.dll
0x000007ff21d10000 - 0x000007ff21e8e000 	C:\Windows\system32\ole32.dll
0x000007ff21100000 - 0x000007ff2110a000 	C:\Windows\SYSTEM32\CRYPTBASE.dll
0x000007ff210a0000 - 0x000007ff210fc000 	C:\Windows\SYSTEM32\bcryptPrimitives.dll
0x000007ff1eaf0000 - 0x000007ff1eb81000 	C:\Windows\SYSTEM32\mscms.dll
0x000007ff208f0000 - 0x000007ff2090f000 	C:\Windows\SYSTEM32\USERENV.dll
0x000007ff212c0000 - 0x000007ff212d5000 	C:\Windows\SYSTEM32\profapi.dll
0x000007ff17590000 - 0x000007ff175d0000 	C:\Windows\SYSTEM32\icm32.dll
0x000007ff1bcf0000 - 0x000007ff1c680000 	C:\Windows\system32\igd10iumd64.dll
0x000007ff20d90000 - 0x000007ff20db5000 	C:\Windows\SYSTEM32\bcrypt.dll
0x000007ff20d60000 - 0x000007ff20d87000 	C:\Windows\SYSTEM32\ncrypt.dll
0x000007ff20d20000 - 0x000007ff20d55000 	C:\Windows\SYSTEM32\NTASN1.dll
0x000007ff1b780000 - 0x000007ff1bbb3000 	C:\Windows\SYSTEM32\igdusc64.dll
0x000000006d000000 - 0x000000006d1c4000 	C:\Program Files\Java\jre6\bin\awt.dll
0x000007ff1db80000 - 0x000007ff1dbfd000 	C:\Windows\SYSTEM32\WINSPOOL.DRV
0x000007ff20480000 - 0x000007ff2051f000 	C:\Windows\system32\apphelp.dll
0x000000006d2a0000 - 0x000000006d315000 	C:\Program Files\Java\jre6\bin\fontmanager.dll
0x000000006d620000 - 0x000000006d637000 	C:\Program Files\Java\jre6\bin\net.dll
0x000007ff24290000 - 0x000007ff242e8000 	C:\Windows\system32\WS2_32.dll
0x000007ff24360000 - 0x000007ff24369000 	C:\Windows\system32\NSI.dll
0x000007ff20b10000 - 0x000007ff20b6c000 	C:\Windows\system32\mswsock.dll
0x000000006d640000 - 0x000000006d64c000 	C:\Program Files\Java\jre6\bin\nio.dll
0x000007ff23fd0000 - 0x000007ff23fd7000 	C:\Windows\system32\PSAPI.DLL

VM Arguments:
jvm_args: -Djava.library.path=C:\git\rolling\lwjgl-2.9.1\native\windows -Dfile.encoding=Cp1251 
java_command: com.codepenguins.rolling.Game
Launcher Type: SUN_STANDARD

Environment Variables:
PATH=C:\Program Files (x86)\Intel\iCLS Client\;C:\Program Files\Intel\iCLS Client\;C:\Program Files (x86)\NVIDIA Corporation\PhysX\Common;C:\Windows\system32;C:\Windows;C:\Windows\System32\Wbem;C:\Windows\System32\WindowsPowerShell\v1.0\;C:\Program Files (x86)\Windows Live\Shared;C:\Program Files (x86)\Intel\OpenCL SDK\3.0\bin\x86;C:\Program Files (x86)\Intel\OpenCL SDK\3.0\bin\x64;C:\Program Files\Intel\Intel(R) Management Engine Components\DAL;C:\Program Files\Intel\Intel(R) Management Engine Components\IPT;C:\Program Files (x86)\Intel\Intel(R) Management Engine Components\DAL;C:\Program Files (x86)\Intel\Intel(R) Management Engine Components\IPT
USERNAME=kettricken
OS=Windows_NT
PROCESSOR_IDENTIFIER=Intel64 Family 6 Model 60 Stepping 3, GenuineIntel



---------------  S Y S T E M  ---------------

OS: Windows 8 , 64 bit Build 9200 

CPU:total 8 (4 cores per cpu, 2 threads per core) family 6 model 60 stepping 3, cmov, cx8, fxsr, mmx, sse, sse2, sse3, ssse3, sse4.1, sse4.2, popcnt, ht

Memory: 4k page, physical 8306936k(5640216k free), swap 13025528k(10212556k free)

vm_info: Java HotSpot(TM) 64-Bit Server VM (20.45-b01) for windows-amd64 JRE (1.6.0_45-b06), built on Apr  1 2013 12:31:37 by "java_re" with MS VC++ 8.0 (VS2005)

time: Sat Jan 25 15:34:16 2014
elapsed time: 105 seconds

